0 info it worked if it ends with ok
1 verbose cli [ '/opt/local/bin/node', '/opt/local/bin/npm', 'publish' ]
2 info using npm@3.8.8
3 info using node@v5.11.0
4 verbose publish [ '.' ]
5 silly cache add args [ '.', null ]
6 verbose cache add spec .
7 silly cache add parsed spec Result {
7 silly cache add   raw: '.',
7 silly cache add   scope: null,
7 silly cache add   name: null,
7 silly cache add   rawSpec: '.',
7 silly cache add   spec: '/Users/andy/experiments/laravel-elixir-caddysync',
7 silly cache add   type: 'directory' }
8 verbose addLocalDirectory /Users/andy/.npm/laravel-elixir-caddysync/1.0.0/package.tgz not in flight; packing
9 verbose correctMkdir /Users/andy/.npm correctMkdir not in flight; initializing
10 info lifecycle laravel-elixir-caddysync@1.0.0~prepublish: laravel-elixir-caddysync@1.0.0
11 silly lifecycle laravel-elixir-caddysync@1.0.0~prepublish: no script for prepublish, continuing
12 verbose tar pack [ '/Users/andy/.npm/laravel-elixir-caddysync/1.0.0/package.tgz',
12 verbose tar pack   '/Users/andy/experiments/laravel-elixir-caddysync' ]
13 verbose tarball /Users/andy/.npm/laravel-elixir-caddysync/1.0.0/package.tgz
14 verbose folder /Users/andy/experiments/laravel-elixir-caddysync
15 verbose addLocalTarball adding from inside cache /Users/andy/.npm/laravel-elixir-caddysync/1.0.0/package.tgz
16 verbose correctMkdir /Users/andy/.npm correctMkdir not in flight; initializing
17 silly cache afterAdd laravel-elixir-caddysync@1.0.0
18 verbose afterAdd /Users/andy/.npm/laravel-elixir-caddysync/1.0.0/package/package.json not in flight; writing
19 verbose correctMkdir /Users/andy/.npm correctMkdir not in flight; initializing
20 verbose afterAdd /Users/andy/.npm/laravel-elixir-caddysync/1.0.0/package/package.json written
21 silly publish { name: 'laravel-elixir-caddysync',
21 silly publish   version: '1.0.0',
21 silly publish   description: 'Laravel  Elixir ingredient - combines caddy and browserSync so it runs a server and then browsersync proxies it.',
21 silly publish   main: 'index.js',
21 silly publish   scripts: { test: 'echo "Error: no test specified" && exit 1' },
21 silly publish   repository:
21 silly publish    { type: 'git',
21 silly publish      url: 'git+https://github.com/4nd/laravel-elixir-caddysync.git' },
21 silly publish   keywords: [ 'gulp', 'laravel', 'elixir', 'adjuster' ],
21 silly publish   author: { name: 'Andy Graham' },
21 silly publish   license: 'MIT',
21 silly publish   bugs: { url: 'https://github.com/4nd/laravel-elixir-caddysync/issues' },
21 silly publish   dependencies: { portfinder: '^1.0.3' },
21 silly publish   peerDependencies: { 'laravel-elixir': '^5.0' },
21 silly publish   homepage: 'https://github.com/4nd/laravel-elixir-caddysync',
21 silly publish   gitHead: '457ecbdd12a2cf324874a29667c4e1bd947b4315',
21 silly publish   readme: 'ERROR: No README data found!',
21 silly publish   _id: 'laravel-elixir-caddysync@1.0.0',
21 silly publish   _shasum: '65794bf51e6031736149e9196df6b56d38b49896',
21 silly publish   _from: '.' }
22 verbose getPublishConfig undefined
23 silly mapToRegistry name laravel-elixir-caddysync
24 silly mapToRegistry using default registry
25 silly mapToRegistry registry https://registry.npmjs.org/
26 silly mapToRegistry data Result {
26 silly mapToRegistry   raw: 'laravel-elixir-caddysync',
26 silly mapToRegistry   scope: null,
26 silly mapToRegistry   name: 'laravel-elixir-caddysync',
26 silly mapToRegistry   rawSpec: '',
26 silly mapToRegistry   spec: 'latest',
26 silly mapToRegistry   type: 'tag' }
27 silly mapToRegistry uri https://registry.npmjs.org/laravel-elixir-caddysync
28 verbose publish registryBase https://registry.npmjs.org/
29 silly publish uploading /Users/andy/.npm/laravel-elixir-caddysync/1.0.0/package.tgz
30 verbose request uri https://registry.npmjs.org/laravel-elixir-caddysync
31 verbose request sending authorization for write operation
32 info attempt registry request try #1 at 12:22:22 PM
33 verbose request using bearer token for auth
34 verbose request id a5f9f0a069d1e54c
35 http request PUT https://registry.npmjs.org/laravel-elixir-caddysync
36 http 403 https://registry.npmjs.org/laravel-elixir-caddysync
37 verbose headers { 'content-type': 'application/json',
37 verbose headers   'cache-control': 'max-age=300',
37 verbose headers   'content-length': '95',
37 verbose headers   'accept-ranges': 'bytes',
37 verbose headers   date: 'Tue, 07 Jun 2016 11:22:23 GMT',
37 verbose headers   via: '1.1 varnish',
37 verbose headers   connection: 'keep-alive',
37 verbose headers   'x-served-by': 'cache-fra1225-FRA',
37 verbose headers   'x-cache': 'MISS',
37 verbose headers   'x-cache-hits': '0',
37 verbose headers   'x-timer': 'S1465298542.507766,VS0,VE970',
37 verbose headers   vary: 'Accept-Encoding' }
38 verbose request invalidating /Users/andy/.npm/registry.npmjs.org/laravel-elixir-caddysync on PUT
39 error publish Failed PUT 403
40 verbose stack Error: "You cannot publish over the previously published version 1.0.0." : laravel-elixir-caddysync
40 verbose stack     at makeError (/opt/local/lib/node_modules/npm/node_modules/npm-registry-client/lib/request.js:264:12)
40 verbose stack     at CachingRegistryClient.<anonymous> (/opt/local/lib/node_modules/npm/node_modules/npm-registry-client/lib/request.js:252:14)
40 verbose stack     at Request._callback (/opt/local/lib/node_modules/npm/node_modules/npm-registry-client/lib/request.js:172:14)
40 verbose stack     at Request.self.callback (/opt/local/lib/node_modules/npm/node_modules/request/request.js:200:22)
40 verbose stack     at emitTwo (events.js:100:13)
40 verbose stack     at Request.emit (events.js:185:7)
40 verbose stack     at Request.<anonymous> (/opt/local/lib/node_modules/npm/node_modules/request/request.js:1067:10)
40 verbose stack     at emitOne (events.js:95:20)
40 verbose stack     at Request.emit (events.js:182:7)
40 verbose stack     at IncomingMessage.<anonymous> (/opt/local/lib/node_modules/npm/node_modules/request/request.js:988:12)
41 verbose statusCode 403
42 verbose pkgid laravel-elixir-caddysync
43 verbose cwd /Users/andy/experiments/laravel-elixir-caddysync
44 error Darwin 15.5.0
45 error argv "/opt/local/bin/node" "/opt/local/bin/npm" "publish"
46 error node v5.11.0
47 error npm  v3.8.8
48 error code E403
49 error "You cannot publish over the previously published version 1.0.0." : laravel-elixir-caddysync
50 error If you need help, you may report this error at:
50 error     <https://github.com/npm/npm/issues>
51 verbose exit [ 1, true ]
